This file contains any messages produced by compilers while
running configure, to aid debugging if configure makes a mistake.

It was created by kmedroid configure 1.0, which was
generated by GNU Autoconf 2.65.  Invocation command line was

  $ ./configure --no-create --no-recursion

## --------- ##
## Platform. ##
## --------- ##

hostname = zhangfan-desktop
uname -m = i686
uname -r = 2.6.32-35-generic
uname -s = Linux
uname -v = #78-Ubuntu SMP Tue Oct 11 15:27:15 UTC 2011

/usr/bin/uname -p = unknown
/bin/uname -X     = unknown

/bin/arch              = unknown
/usr/bin/arch -k       = unknown
/usr/convex/getsysinfo = unknown
/usr/bin/hostinfo      = unknown
/bin/machine           = unknown
/usr/bin/oslevel       = unknown
/bin/universe          = unknown

PATH: /usr/local/sbin
PATH: /usr/local/bin
PATH: /usr/sbin
PATH: /usr/bin
PATH: /sbin
PATH: /bin
PATH: /usr/games
PATH: /usr/local/cuda/bin
PATH: /usr/local/cuda/bin


## ----------- ##
## Core tests. ##
## ----------- ##

configure:2383: checking for a BSD-compatible install
configure:2451: result: /usr/bin/install -c
configure:2462: checking whether build environment is sane
configure:2512: result: yes
configure:2653: checking for a thread-safe mkdir -p
configure:2692: result: /bin/mkdir -p
configure:2705: checking for gawk
configure:2721: found /usr/bin/gawk
configure:2732: result: gawk
configure:2743: checking whether make sets $(MAKE)
configure:2765: result: yes
configure:2893: checking for gcc
configure:2909: found /usr/bin/gcc
configure:2920: result: gcc
configure:3149: checking for C compiler version
configure:3158: gcc --version >&5
gcc (Ubuntu 4.4.3-4ubuntu5.1) 4.4.3
Copyright (C) 2009 Free Software Foundation, Inc.
This is free software; see the source for copying conditions.  There is NO
warranty; not even for MERCHANTABILITY or FITNESS FOR A PARTICULAR PURPOSE.

configure:3169: $? = 0
configure:3158: gcc -v >&5
Using built-in specs.
Target: i486-linux-gnu
Configured with: ../src/configure -v --with-pkgversion='Ubuntu 4.4.3-4ubuntu5.1' --with-bugurl=file:///usr/share/doc/gcc-4.4/README.Bugs --enable-languages=c,c++,fortran,objc,obj-c++ --prefix=/usr --enable-shared --enable-multiarch --enable-linker-build-id --with-system-zlib --libexecdir=/usr/lib --without-included-gettext --enable-threads=posix --with-gxx-include-dir=/usr/include/c++/4.4 --program-suffix=-4.4 --enable-nls --enable-clocale=gnu --enable-libstdcxx-debug --enable-plugin --enable-objc-gc --enable-targets=all --disable-werror --with-arch-32=i486 --with-tune=generic --enable-checking=release --build=i486-linux-gnu --host=i486-linux-gnu --target=i486-linux-gnu
Thread model: posix
gcc version 4.4.3 (Ubuntu 4.4.3-4ubuntu5.1) 
configure:3169: $? = 0
configure:3158: gcc -V >&5
gcc: '-V' option must have argument
configure:3169: $? = 1
configure:3158: gcc -qversion >&5
gcc: unrecognized option '-qversion'
gcc: no input files
configure:3169: $? = 1
configure:3189: checking whether the C compiler works
configure:3211: gcc    conftest.c  >&5
configure:3215: $? = 0
configure:3264: result: yes
configure:3267: checking for C compiler default output file name
configure:3269: result: a.out
configure:3275: checking for suffix of executables
configure:3282: gcc -o conftest    conftest.c  >&5
configure:3286: $? = 0
configure:3308: result: 
configure:3330: checking whether we are cross compiling
configure:3338: gcc -o conftest    conftest.c  >&5
configure:3342: $? = 0
configure:3349: ./conftest
configure:3353: $? = 0
configure:3368: result: no
configure:3373: checking for suffix of object files
configure:3395: gcc -c   conftest.c >&5
configure:3399: $? = 0
configure:3420: result: o
configure:3424: checking whether we are using the GNU C compiler
configure:3443: gcc -c   conftest.c >&5
configure:3443: $? = 0
configure:3452: result: yes
configure:3461: checking whether gcc accepts -g
configure:3481: gcc -c -g  conftest.c >&5
configure:3481: $? = 0
configure:3522: result: yes
configure:3539: checking for gcc option to accept ISO C89
configure:3603: gcc  -c -g -O2  conftest.c >&5
configure:3603: $? = 0
configure:3616: result: none needed
configure:3647: checking for style of include used by make
configure:3675: result: GNU
configure:3700: checking dependency style of gcc
configure:3810: result: gcc3
configure:3854: checking build system type
configure:3868: result: i686-pc-linux-gnu
configure:3888: checking host system type
configure:3901: result: i686-pc-linux-gnu
configure:3921: checking for a sed that does not truncate output
configure:3985: result: /bin/sed
configure:4003: checking for grep that handles long lines and -e
configure:4061: result: /bin/grep
configure:4066: checking for egrep
configure:4128: result: /bin/grep -E
configure:4133: checking for fgrep
configure:4195: result: /bin/grep -F
configure:4230: checking for ld used by gcc
configure:4297: result: /usr/bin/ld
configure:4304: checking if the linker (/usr/bin/ld) is GNU ld
configure:4319: result: yes
configure:4331: checking for BSD- or MS-compatible name lister (nm)
configure:4380: result: /usr/bin/nm -B
configure:4498: checking the name lister (/usr/bin/nm -B) interface
configure:4505: gcc -c -g -O2  conftest.c >&5
configure:4508: /usr/bin/nm -B "conftest.o"
configure:4511: output
00000000 B some_variable
configure:4518: result: BSD nm
configure:4521: checking whether ln -s works
configure:4525: result: yes
configure:4533: checking the maximum length of command line arguments
configure:4653: result: 805306365
configure:4670: checking whether the shell understands some XSI constructs
configure:4680: result: yes
configure:4684: checking whether the shell understands "+="
configure:4690: result: yes
configure:4725: checking for /usr/bin/ld option to reload object files
configure:4732: result: -r
configure:4801: checking for objdump
configure:4817: found /usr/bin/objdump
configure:4828: result: objdump
configure:4860: checking how to recognize dependent libraries
configure:5056: result: pass_all
configure:5116: checking for ar
configure:5132: found /usr/bin/ar
configure:5143: result: ar
configure:5221: checking for strip
configure:5237: found /usr/bin/strip
configure:5248: result: strip
configure:5320: checking for ranlib
configure:5336: found /usr/bin/ranlib
configure:5347: result: ranlib
configure:5437: checking command to parse /usr/bin/nm -B output from gcc object
configure:5555: gcc -c -g -O2  conftest.c >&5
configure:5558: $? = 0
configure:5562: /usr/bin/nm -B conftest.o \| sed -n -e 's/^.*[	 ]\([ABCDGIRSTW][ABCDGIRSTW]*\)[	 ][	 ]*\([_A-Za-z][_A-Za-z0-9]*\)$/\1 \2 \2/p' \> conftest.nm
configure:5565: $? = 0
configure:5619: gcc -o conftest -g -O2   conftest.c conftstm.o >&5
configure:5622: $? = 0
configure:5660: result: ok
configure:6469: checking how to run the C preprocessor
configure:6500: gcc -E  conftest.c
configure:6500: $? = 0
configure:6514: gcc -E  conftest.c
conftest.c:11:28: error: ac_nonexistent.h: No such file or directory
configure:6514: $? = 1
configure: failed program was:
| /* confdefs.h */
| #define PACKAGE_NAME "kmedroid"
| #define PACKAGE_TARNAME "kmedroid"
| #define PACKAGE_VERSION "1.0"
| #define PACKAGE_STRING "kmedroid 1.0"
| #define PACKAGE_BUGREPORT "bug-automake@gnu.org"
| #define PACKAGE_URL ""
| #define PACKAGE "kmedroid"
| #define VERSION "1.0"
| /* end confdefs.h.  */
| #include <ac_nonexistent.h>
configure:6539: result: gcc -E
configure:6559: gcc -E  conftest.c
configure:6559: $? = 0
configure:6573: gcc -E  conftest.c
conftest.c:11:28: error: ac_nonexistent.h: No such file or directory
configure:6573: $? = 1
configure: failed program was:
| /* confdefs.h */
| #define PACKAGE_NAME "kmedroid"
| #define PACKAGE_TARNAME "kmedroid"
| #define PACKAGE_VERSION "1.0"
| #define PACKAGE_STRING "kmedroid 1.0"
| #define PACKAGE_BUGREPORT "bug-automake@gnu.org"
| #define PACKAGE_URL ""
| #define PACKAGE "kmedroid"
| #define VERSION "1.0"
| /* end confdefs.h.  */
| #include <ac_nonexistent.h>
configure:6602: checking for ANSI C header files
configure:6622: gcc -c -g -O2  conftest.c >&5
configure:6622: $? = 0
configure:6695: gcc -o conftest -g -O2   conftest.c  >&5
configure:6695: $? = 0
configure:6695: ./conftest
configure:6695: $? = 0
configure:6706: result: yes
configure:6719: checking for sys/types.h
configure:6719: gcc -c -g -O2  conftest.c >&5
configure:6719: $? = 0
configure:6719: result: yes
configure:6719: checking for sys/stat.h
configure:6719: gcc -c -g -O2  conftest.c >&5
configure:6719: $? = 0
configure:6719: result: yes
configure:6719: checking for stdlib.h
configure:6719: gcc -c -g -O2  conftest.c >&5
configure:6719: $? = 0
configure:6719: result: yes
configure:6719: checking for string.h
configure:6719: gcc -c -g -O2  conftest.c >&5
configure:6719: $? = 0
configure:6719: result: yes
configure:6719: checking for memory.h
configure:6719: gcc -c -g -O2  conftest.c >&5
configure:6719: $? = 0
configure:6719: result: yes
configure:6719: checking for strings.h
configure:6719: gcc -c -g -O2  conftest.c >&5
configure:6719: $? = 0
configure:6719: result: yes
configure:6719: checking for inttypes.h
configure:6719: gcc -c -g -O2  conftest.c >&5
configure:6719: $? = 0
configure:6719: result: yes
configure:6719: checking for stdint.h
configure:6719: gcc -c -g -O2  conftest.c >&5
configure:6719: $? = 0
configure:6719: result: yes
configure:6719: checking for unistd.h
configure:6719: gcc -c -g -O2  conftest.c >&5
configure:6719: $? = 0
configure:6719: result: yes
configure:6734: checking for dlfcn.h
configure:6734: gcc -c -g -O2  conftest.c >&5
configure:6734: $? = 0
configure:6734: result: yes
configure:6918: checking for objdir
configure:6933: result: .libs
configure:7225: checking if gcc supports -fno-rtti -fno-exceptions
configure:7243: gcc -c -g -O2  -fno-rtti -fno-exceptions conftest.c >&5
cc1: warning: command line option "-fno-rtti" is valid for C++/ObjC++ but not for C
configure:7247: $? = 0
configure:7260: result: no
configure:7280: checking for gcc option to produce PIC
configure:7552: result: -fPIC -DPIC
configure:7564: checking if gcc PIC flag -fPIC -DPIC works
configure:7582: gcc -c -g -O2  -fPIC -DPIC -DPIC conftest.c >&5
configure:7586: $? = 0
configure:7599: result: yes
configure:7623: checking if gcc static flag -static works
configure:7651: result: yes
configure:7666: checking if gcc supports -c -o file.o
configure:7687: gcc -c -g -O2  -o out/conftest2.o conftest.c >&5
configure:7691: $? = 0
configure:7713: result: yes
configure:7721: checking if gcc supports -c -o file.o
configure:7768: result: yes
configure:7801: checking whether the gcc linker (/usr/bin/ld) supports shared libraries
configure:8792: result: yes
configure:8829: checking whether -lc should be explicitly linked in
configure:8834: gcc -c -g -O2  conftest.c >&5
configure:8837: $? = 0
configure:8852: gcc -shared conftest.o  -v -Wl,-soname -Wl,conftest -o conftest 2\>\&1 \| /bin/grep  -lc  \>/dev/null 2\>\&1
configure:8855: $? = 0
configure:8867: result: no
configure:9031: checking dynamic linker characteristics
configure:9464: gcc -o conftest -g -O2   -Wl,-rpath -Wl,/foo conftest.c  >&5
configure:9464: $? = 0
configure:9694: result: GNU/Linux ld.so
configure:9796: checking how to hardcode library paths into programs
configure:9821: result: immediate
configure:10341: checking whether stripping libraries is possible
configure:10346: result: yes
configure:10381: checking if libtool supports shared libraries
configure:10383: result: yes
configure:10386: checking whether to build shared libraries
configure:10407: result: yes
configure:10410: checking whether to build static libraries
configure:10414: result: yes
configure:10507: checking for g++
configure:10523: found /usr/bin/g++
configure:10534: result: g++
configure:10561: checking for C++ compiler version
configure:10570: g++ --version >&5
g++ (Ubuntu 4.4.3-4ubuntu5.1) 4.4.3
Copyright (C) 2009 Free Software Foundation, Inc.
This is free software; see the source for copying conditions.  There is NO
warranty; not even for MERCHANTABILITY or FITNESS FOR A PARTICULAR PURPOSE.

configure:10581: $? = 0
configure:10570: g++ -v >&5
Using built-in specs.
Target: i486-linux-gnu
Configured with: ../src/configure -v --with-pkgversion='Ubuntu 4.4.3-4ubuntu5.1' --with-bugurl=file:///usr/share/doc/gcc-4.4/README.Bugs --enable-languages=c,c++,fortran,objc,obj-c++ --prefix=/usr --enable-shared --enable-multiarch --enable-linker-build-id --with-system-zlib --libexecdir=/usr/lib --without-included-gettext --enable-threads=posix --with-gxx-include-dir=/usr/include/c++/4.4 --program-suffix=-4.4 --enable-nls --enable-clocale=gnu --enable-libstdcxx-debug --enable-plugin --enable-objc-gc --enable-targets=all --disable-werror --with-arch-32=i486 --with-tune=generic --enable-checking=release --build=i486-linux-gnu --host=i486-linux-gnu --target=i486-linux-gnu
Thread model: posix
gcc version 4.4.3 (Ubuntu 4.4.3-4ubuntu5.1) 
configure:10581: $? = 0
configure:10570: g++ -V >&5
g++: '-V' option must have argument
configure:10581: $? = 1
configure:10570: g++ -qversion >&5
g++: unrecognized option '-qversion'
g++: no input files
configure:10581: $? = 1
configure:10585: checking whether we are using the GNU C++ compiler
configure:10604: g++ -c   conftest.cpp >&5
configure:10604: $? = 0
configure:10613: result: yes
configure:10622: checking whether g++ accepts -g
configure:10642: g++ -c -g  conftest.cpp >&5
configure:10642: $? = 0
configure:10683: result: yes
configure:10708: checking dependency style of g++
configure:10818: result: gcc3
configure:10946: checking for C++ compiler version
configure:10955: g++ --version >&5
g++ (Ubuntu 4.4.3-4ubuntu5.1) 4.4.3
Copyright (C) 2009 Free Software Foundation, Inc.
This is free software; see the source for copying conditions.  There is NO
warranty; not even for MERCHANTABILITY or FITNESS FOR A PARTICULAR PURPOSE.

configure:10966: $? = 0
configure:10955: g++ -v >&5
Using built-in specs.
Target: i486-linux-gnu
Configured with: ../src/configure -v --with-pkgversion='Ubuntu 4.4.3-4ubuntu5.1' --with-bugurl=file:///usr/share/doc/gcc-4.4/README.Bugs --enable-languages=c,c++,fortran,objc,obj-c++ --prefix=/usr --enable-shared --enable-multiarch --enable-linker-build-id --with-system-zlib --libexecdir=/usr/lib --without-included-gettext --enable-threads=posix --with-gxx-include-dir=/usr/include/c++/4.4 --program-suffix=-4.4 --enable-nls --enable-clocale=gnu --enable-libstdcxx-debug --enable-plugin --enable-objc-gc --enable-targets=all --disable-werror --with-arch-32=i486 --with-tune=generic --enable-checking=release --build=i486-linux-gnu --host=i486-linux-gnu --target=i486-linux-gnu
Thread model: posix
gcc version 4.4.3 (Ubuntu 4.4.3-4ubuntu5.1) 
configure:10966: $? = 0
configure:10955: g++ -V >&5
g++: '-V' option must have argument
configure:10966: $? = 1
configure:10955: g++ -qversion >&5
g++: unrecognized option '-qversion'
g++: no input files
configure:10966: $? = 1
configure:10970: checking whether we are using the GNU C++ compiler
configure:10998: result: yes
configure:11007: checking whether g++ accepts -g
configure:11068: result: yes
configure:11093: checking dependency style of g++
configure:11203: result: gcc3
configure:11226: checking how to run the C++ preprocessor
configure:11253: g++ -E  conftest.cpp
configure:11253: $? = 0
configure:11267: g++ -E  conftest.cpp
conftest.cpp:23:28: error: ac_nonexistent.h: No such file or directory
configure:11267: $? = 1
configure: failed program was:
| /* confdefs.h */
| #define PACKAGE_NAME "kmedroid"
| #define PACKAGE_TARNAME "kmedroid"
| #define PACKAGE_VERSION "1.0"
| #define PACKAGE_STRING "kmedroid 1.0"
| #define PACKAGE_BUGREPORT "bug-automake@gnu.org"
| #define PACKAGE_URL ""
| #define PACKAGE "kmedroid"
| #define VERSION "1.0"
| #define STDC_HEADERS 1
| #define HAVE_SYS_TYPES_H 1
| #define HAVE_SYS_STAT_H 1
| #define HAVE_STDLIB_H 1
| #define HAVE_STRING_H 1
| #define HAVE_MEMORY_H 1
| #define HAVE_STRINGS_H 1
| #define HAVE_INTTYPES_H 1
| #define HAVE_STDINT_H 1
| #define HAVE_UNISTD_H 1
| #define HAVE_DLFCN_H 1
| #define LT_OBJDIR ".libs/"
| /* end confdefs.h.  */
| #include <ac_nonexistent.h>
configure:11292: result: g++ -E
configure:11312: g++ -E  conftest.cpp
configure:11312: $? = 0
configure:11326: g++ -E  conftest.cpp
conftest.cpp:23:28: error: ac_nonexistent.h: No such file or directory
configure:11326: $? = 1
configure: failed program was:
| /* confdefs.h */
| #define PACKAGE_NAME "kmedroid"
| #define PACKAGE_TARNAME "kmedroid"
| #define PACKAGE_VERSION "1.0"
| #define PACKAGE_STRING "kmedroid 1.0"
| #define PACKAGE_BUGREPORT "bug-automake@gnu.org"
| #define PACKAGE_URL ""
| #define PACKAGE "kmedroid"
| #define VERSION "1.0"
| #define STDC_HEADERS 1
| #define HAVE_SYS_TYPES_H 1
| #define HAVE_SYS_STAT_H 1
| #define HAVE_STDLIB_H 1
| #define HAVE_STRING_H 1
| #define HAVE_MEMORY_H 1
| #define HAVE_STRINGS_H 1
| #define HAVE_INTTYPES_H 1
| #define HAVE_STDINT_H 1
| #define HAVE_UNISTD_H 1
| #define HAVE_DLFCN_H 1
| #define LT_OBJDIR ".libs/"
| /* end confdefs.h.  */
| #include <ac_nonexistent.h>
configure:11494: checking for ld used by g++
configure:11561: result: /usr/bin/ld
configure:11568: checking if the linker (/usr/bin/ld) is GNU ld
configure:11583: result: yes
configure:11638: checking whether the g++ linker (/usr/bin/ld) supports shared libraries
configure:12551: result: yes
configure:12579: g++ -c -g -O2  conftest.cpp >&5
configure:12582: $? = 0
configure:12764: checking for g++ option to produce PIC
configure:13081: result: -fPIC -DPIC
configure:13090: checking if g++ PIC flag -fPIC -DPIC works
configure:13108: g++ -c -g -O2  -fPIC -DPIC -DPIC conftest.cpp >&5
configure:13112: $? = 0
configure:13125: result: yes
configure:13146: checking if g++ static flag -static works
configure:13174: result: yes
configure:13186: checking if g++ supports -c -o file.o
configure:13207: g++ -c -g -O2  -o out/conftest2.o conftest.cpp >&5
configure:13211: $? = 0
configure:13233: result: yes
configure:13238: checking if g++ supports -c -o file.o
configure:13285: result: yes
configure:13315: checking whether the g++ linker (/usr/bin/ld) supports shared libraries
configure:13344: result: yes
configure:13481: checking dynamic linker characteristics
configure:13862: g++ -o conftest -g -O2   -Wl,-rpath -Wl,/foo conftest.cpp  >&5
configure:13862: $? = 0
configure:14092: result: GNU/Linux ld.so
configure:14143: checking how to hardcode library paths into programs
configure:14168: result: immediate
configure:14250: checking for ranlib
configure:14277: result: ranlib
configure:14429: creating ./config.status

## ---------------- ##
## Cache variables. ##
## ---------------- ##

ac_cv_build=i686-pc-linux-gnu
ac_cv_c_compiler_gnu=yes
ac_cv_cxx_compiler_gnu=yes
ac_cv_env_CCC_set=
ac_cv_env_CCC_value=
ac_cv_env_CC_set=
ac_cv_env_CC_value=
ac_cv_env_CFLAGS_set=
ac_cv_env_CFLAGS_value=
ac_cv_env_CPPFLAGS_set=
ac_cv_env_CPPFLAGS_value=
ac_cv_env_CPP_set=
ac_cv_env_CPP_value=
ac_cv_env_CXXCPP_set=
ac_cv_env_CXXCPP_value=
ac_cv_env_CXXFLAGS_set=
ac_cv_env_CXXFLAGS_value=
ac_cv_env_CXX_set=
ac_cv_env_CXX_value=
ac_cv_env_LDFLAGS_set=
ac_cv_env_LDFLAGS_value=
ac_cv_env_LIBS_set=
ac_cv_env_LIBS_value=
ac_cv_env_build_alias_set=
ac_cv_env_build_alias_value=
ac_cv_env_host_alias_set=
ac_cv_env_host_alias_value=
ac_cv_env_target_alias_set=
ac_cv_env_target_alias_value=
ac_cv_header_dlfcn_h=yes
ac_cv_header_inttypes_h=yes
ac_cv_header_memory_h=yes
ac_cv_header_stdc=yes
ac_cv_header_stdint_h=yes
ac_cv_header_stdlib_h=yes
ac_cv_header_string_h=yes
ac_cv_header_strings_h=yes
ac_cv_header_sys_stat_h=yes
ac_cv_header_sys_types_h=yes
ac_cv_header_unistd_h=yes
ac_cv_host=i686-pc-linux-gnu
ac_cv_objext=o
ac_cv_path_EGREP='/bin/grep -E'
ac_cv_path_FGREP='/bin/grep -F'
ac_cv_path_GREP=/bin/grep
ac_cv_path_SED=/bin/sed
ac_cv_path_install='/usr/bin/install -c'
ac_cv_path_mkdir=/bin/mkdir
ac_cv_prog_AWK=gawk
ac_cv_prog_CPP='gcc -E'
ac_cv_prog_CXXCPP='g++ -E'
ac_cv_prog_ac_ct_AR=ar
ac_cv_prog_ac_ct_CC=gcc
ac_cv_prog_ac_ct_CXX=g++
ac_cv_prog_ac_ct_OBJDUMP=objdump
ac_cv_prog_ac_ct_RANLIB=ranlib
ac_cv_prog_ac_ct_STRIP=strip
ac_cv_prog_cc_c89=
ac_cv_prog_cc_g=yes
ac_cv_prog_cxx_g=yes
ac_cv_prog_make_make_set=yes
am_cv_CC_dependencies_compiler_type=gcc3
am_cv_CXX_dependencies_compiler_type=gcc3
lt_cv_deplibs_check_method=pass_all
lt_cv_file_magic_cmd='$MAGIC_CMD'
lt_cv_file_magic_test_file=
lt_cv_ld_reload_flag=-r
lt_cv_nm_interface='BSD nm'
lt_cv_objdir=.libs
lt_cv_path_LD=/usr/bin/ld
lt_cv_path_LDCXX=/usr/bin/ld
lt_cv_path_NM='/usr/bin/nm -B'
lt_cv_prog_compiler_c_o=yes
lt_cv_prog_compiler_c_o_CXX=yes
lt_cv_prog_compiler_pic_works=yes
lt_cv_prog_compiler_pic_works_CXX=yes
lt_cv_prog_compiler_rtti_exceptions=no
lt_cv_prog_compiler_static_works=yes
lt_cv_prog_compiler_static_works_CXX=yes
lt_cv_prog_gnu_ld=yes
lt_cv_prog_gnu_ldcxx=yes
lt_cv_sys_global_symbol_pipe='sed -n -e '\''s/^.*[	 ]\([ABCDGIRSTW][ABCDGIRSTW]*\)[	 ][	 ]*\([_A-Za-z][_A-Za-z0-9]*\)$/\1 \2 \2/p'\'''
lt_cv_sys_global_symbol_to_c_name_address='sed -n -e '\''s/^: \([^ ]*\) $/  {\"\1\", (void *) 0},/p'\'' -e '\''s/^[ABCDGIRSTW]* \([^ ]*\) \([^ ]*\)$/  {"\2", (void *) \&\2},/p'\'''
lt_cv_sys_global_symbol_to_c_name_address_lib_prefix='sed -n -e '\''s/^: \([^ ]*\) $/  {\"\1\", (void *) 0},/p'\'' -e '\''s/^[ABCDGIRSTW]* \([^ ]*\) \(lib[^ ]*\)$/  {"\2", (void *) \&\2},/p'\'' -e '\''s/^[ABCDGIRSTW]* \([^ ]*\) \([^ ]*\)$/  {"lib\2", (void *) \&\2},/p'\'''
lt_cv_sys_global_symbol_to_cdecl='sed -n -e '\''s/^T .* \(.*\)$/extern int \1();/p'\'' -e '\''s/^[ABCDGIRSTW]* .* \(.*\)$/extern char \1;/p'\'''
lt_cv_sys_max_cmd_len=805306365

## ----------------- ##
## Output variables. ##
## ----------------- ##

ACLOCAL='${SHELL} /home/zhangfan/flickr_proj_save/kmedroid/missing --run aclocal-1.11'
AMDEPBACKSLASH='\'
AMDEP_FALSE='#'
AMDEP_TRUE=''
AMTAR='${SHELL} /home/zhangfan/flickr_proj_save/kmedroid/missing --run tar'
AR='ar'
AUTOCONF='${SHELL} /home/zhangfan/flickr_proj_save/kmedroid/missing --run autoconf'
AUTOHEADER='${SHELL} /home/zhangfan/flickr_proj_save/kmedroid/missing --run autoheader'
AUTOMAKE='${SHELL} /home/zhangfan/flickr_proj_save/kmedroid/missing --run automake-1.11'
AWK='gawk'
CC='gcc'
CCDEPMODE='depmode=gcc3'
CFLAGS='-g -O2'
CPP='gcc -E'
CPPFLAGS=''
CXX='g++'
CXXCPP='g++ -E'
CXXDEPMODE='depmode=gcc3'
CXXFLAGS='-g -O2'
CYGPATH_W='echo'
DEFS='-DHAVE_CONFIG_H'
DEPDIR='.deps'
DSYMUTIL=''
DUMPBIN=''
ECHO_C=''
ECHO_N='-n'
ECHO_T=''
EGREP='/bin/grep -E'
EXEEXT=''
FGREP='/bin/grep -F'
GREP='/bin/grep'
INSTALL_DATA='${INSTALL} -m 644'
INSTALL_PROGRAM='${INSTALL}'
INSTALL_SCRIPT='${INSTALL}'
INSTALL_STRIP_PROGRAM='$(install_sh) -c -s'
LD='/usr/bin/ld'
LDFLAGS=''
LIBOBJS=''
LIBS=''
LIBTOOL='$(SHELL) $(top_builddir)/libtool'
LIPO=''
LN_S='ln -s'
LTLIBOBJS=''
MAKEINFO='${SHELL} /home/zhangfan/flickr_proj_save/kmedroid/missing --run makeinfo'
MKDIR_P='/bin/mkdir -p'
NM='/usr/bin/nm -B'
NMEDIT=''
OBJDUMP='objdump'
OBJEXT='o'
OTOOL64=''
OTOOL=''
PACKAGE='kmedroid'
PACKAGE_BUGREPORT='bug-automake@gnu.org'
PACKAGE_NAME='kmedroid'
PACKAGE_STRING='kmedroid 1.0'
PACKAGE_TARNAME='kmedroid'
PACKAGE_URL=''
PACKAGE_VERSION='1.0'
PATH_SEPARATOR=':'
RANLIB='ranlib'
SED='/bin/sed'
SET_MAKE=''
SHELL='/bin/bash'
STRIP='strip'
VERSION='1.0'
ac_ct_CC='gcc'
ac_ct_CXX='g++'
ac_ct_DUMPBIN=''
am__EXEEXT_FALSE=''
am__EXEEXT_TRUE='#'
am__fastdepCC_FALSE='#'
am__fastdepCC_TRUE=''
am__fastdepCXX_FALSE='#'
am__fastdepCXX_TRUE=''
am__include='include'
am__isrc=''
am__leading_dot='.'
am__quote=''
am__tar='${AMTAR} chof - "$$tardir"'
am__untar='${AMTAR} xf -'
bindir='${exec_prefix}/bin'
build='i686-pc-linux-gnu'
build_alias=''
build_cpu='i686'
build_os='linux-gnu'
build_vendor='pc'
datadir='${datarootdir}'
datarootdir='${prefix}/share'
docdir='${datarootdir}/doc/${PACKAGE_TARNAME}'
dvidir='${docdir}'
exec_prefix='${prefix}'
host='i686-pc-linux-gnu'
host_alias=''
host_cpu='i686'
host_os='linux-gnu'
host_vendor='pc'
htmldir='${docdir}'
includedir='${prefix}/include'
infodir='${datarootdir}/info'
install_sh='${SHELL} /home/zhangfan/flickr_proj_save/kmedroid/install-sh'
libdir='${exec_prefix}/lib'
libexecdir='${exec_prefix}/libexec'
localedir='${datarootdir}/locale'
localstatedir='${prefix}/var'
lt_ECHO='echo'
mandir='${datarootdir}/man'
mkdir_p='/bin/mkdir -p'
oldincludedir='/usr/include'
pdfdir='${docdir}'
prefix='/usr/local'
program_transform_name='s,x,x,'
psdir='${docdir}'
sbindir='${exec_prefix}/sbin'
sharedstatedir='${prefix}/com'
sysconfdir='${prefix}/etc'
target_alias=''

## ----------- ##
## confdefs.h. ##
## ----------- ##

/* confdefs.h */
#define PACKAGE_NAME "kmedroid"
#define PACKAGE_TARNAME "kmedroid"
#define PACKAGE_VERSION "1.0"
#define PACKAGE_STRING "kmedroid 1.0"
#define PACKAGE_BUGREPORT "bug-automake@gnu.org"
#define PACKAGE_URL ""
#define PACKAGE "kmedroid"
#define VERSION "1.0"
#define STDC_HEADERS 1
#define HAVE_SYS_TYPES_H 1
#define HAVE_SYS_STAT_H 1
#define HAVE_STDLIB_H 1
#define HAVE_STRING_H 1
#define HAVE_MEMORY_H 1
#define HAVE_STRINGS_H 1
#define HAVE_INTTYPES_H 1
#define HAVE_STDINT_H 1
#define HAVE_UNISTD_H 1
#define HAVE_DLFCN_H 1
#define LT_OBJDIR ".libs/"

configure: exit 0

## ---------------------- ##
## Running config.status. ##
## ---------------------- ##

This file was extended by kmedroid config.status 1.0, which was
generated by GNU Autoconf 2.65.  Invocation command line was

  CONFIG_FILES    = 
  CONFIG_HEADERS  = 
  CONFIG_LINKS    = 
  CONFIG_COMMANDS = 
  $ ./config.status 

on zhangfan-desktop

config.status:1125: creating Makefile
config.status:1125: creating src/Makefile
config.status:1125: creating config.h
config.status:1297: config.h is unchanged
config.status:1345: executing depfiles commands
config.status:1345: executing libtool commands
